2025-10-23 13:59:28,355 - INFO - 游닌 REQUEST: {
  "method": "POST",
  "path": "/api/login/",
  "query_params": {},
  "user": "Anonymous",
  "ip": "127.0.0.1",
  "user_agent": "curl/8.7.1",
  "body": {
    "username": "test",
    "password": "***HIDDEN***"
  }
}
2025-10-23 13:59:28,496 - WARNING - 丘멆잺 RESPONSE [POST /api/login/]: {
  "status_code": 401,
  "duration_ms": 142.0,
  "content_type": "application/json",
  "content": {
    "detail": "No active account found with the given credentials"
  }
}
2025-10-23 13:59:45,351 - INFO - 游닌 REQUEST: {
  "method": "GET",
  "path": "/api/",
  "query_params": {},
  "user": "Anonymous",
  "ip": "127.0.0.1",
  "user_agent": "curl/8.7.1"
}
2025-10-23 13:59:45,353 - WARNING - 丘멆잺 RESPONSE [GET /api/]: {
  "status_code": 401,
  "duration_ms": 2.16,
  "content_type": "application/json",
  "content": {
    "detail": "Authentication credentials were not provided."
  }
}
2025-10-23 14:01:54,448 - INFO - 游닌 REQUEST: {
  "method": "POST",
  "path": "/api/users/",
  "query_params": {},
  "user": "Anonymous",
  "ip": "127.0.0.1",
  "user_agent": "Dart/3.9 (dart:io)",
  "body": {
    "username": "JORGE",
    "email": "jorge@gmail.com",
    "first_name": "jorge",
    "last_name": "pena",
    "password": "***HIDDEN***"
  }
}
2025-10-23 14:01:54,511 - WARNING - 丘멆잺 RESPONSE [POST /api/users/]: {
  "status_code": 400,
  "duration_ms": 64.79,
  "content_type": "application/json",
  "content": {
    "username": [
      "A user with that username already exists."
    ]
  }
}
2025-10-23 14:02:11,233 - INFO - 游닌 REQUEST: {
  "method": "POST",
  "path": "/api/users/",
  "query_params": {},
  "user": "Anonymous",
  "ip": "127.0.0.1",
  "user_agent": "Dart/3.9 (dart:io)",
  "body": {
    "username": "JORGE",
    "email": "jorge@gmail.com",
    "first_name": "jorge",
    "last_name": "pena",
    "password": "***HIDDEN***"
  }
}
2025-10-23 14:02:11,273 - WARNING - 丘멆잺 RESPONSE [POST /api/users/]: {
  "status_code": 400,
  "duration_ms": 40.5,
  "content_type": "application/json",
  "content": {
    "username": [
      "A user with that username already exists."
    ]
  }
}
2025-10-23 14:02:12,193 - INFO - 游닌 REQUEST: {
  "method": "POST",
  "path": "/api/users/",
  "query_params": {},
  "user": "Anonymous",
  "ip": "127.0.0.1",
  "user_agent": "Dart/3.9 (dart:io)",
  "body": {
    "username": "JORGE",
    "email": "jorge@gmail.com",
    "first_name": "jorge",
    "last_name": "pena",
    "password": "***HIDDEN***"
  }
}
2025-10-23 14:02:12,209 - WARNING - 丘멆잺 RESPONSE [POST /api/users/]: {
  "status_code": 400,
  "duration_ms": 16.25,
  "content_type": "application/json",
  "content": {
    "username": [
      "A user with that username already exists."
    ]
  }
}
2025-10-23 14:02:36,382 - INFO - 游닌 REQUEST: {
  "method": "POST",
  "path": "/api/users/",
  "query_params": {},
  "user": "Anonymous",
  "ip": "127.0.0.1",
  "user_agent": "Dart/3.9 (dart:io)",
  "body": {
    "username": "JORGE",
    "email": "jorge@gmail.com",
    "first_name": "jorge",
    "last_name": "pena",
    "password": "***HIDDEN***"
  }
}
2025-10-23 14:02:36,407 - WARNING - 丘멆잺 RESPONSE [POST /api/users/]: {
  "status_code": 400,
  "duration_ms": 25.36,
  "content_type": "application/json",
  "content": {
    "username": [
      "A user with that username already exists."
    ]
  }
}
2025-10-23 14:06:36,643 - INFO - 游닌 REQUEST: {
  "method": "POST",
  "path": "/api/users/",
  "query_params": {},
  "user": "Anonymous",
  "ip": "127.0.0.1",
  "user_agent": "Dart/3.9 (dart:io)",
  "body": {
    "username": "manuel",
    "email": "manuel@gmail.com",
    "first_name": "manuel",
    "last_name": "pena",
    "password": "***HIDDEN***"
  }
}
2025-10-23 14:06:36,893 - INFO - 游닋 RESPONSE [POST /api/users/]: {
  "status_code": 201,
  "duration_ms": 250.29,
  "content_type": "application/json",
  "content": {
    "username": "manuel",
    "email": "manuel@gmail.com",
    "first_name": "manuel",
    "last_name": "pena"
  }
}
2025-10-23 14:06:36,908 - INFO - 游닌 REQUEST: {
  "method": "POST",
  "path": "/api/profiles/",
  "query_params": {},
  "user": "Anonymous",
  "ip": "127.0.0.1",
  "user_agent": "Dart/3.9 (dart:io)",
  "body": {
    "user_type": "inquilino",
    "phone": "71363267",
    "favorites": []
  }
}
2025-10-23 14:06:36,908 - WARNING - 丘멆잺 RESPONSE [POST /api/profiles/]: {
  "status_code": 401,
  "duration_ms": 0.52,
  "content_type": "application/json",
  "content": {
    "detail": "Authentication credentials were not provided."
  }
}
2025-10-23 14:08:49,945 - INFO - 游닌 REQUEST: {
  "method": "POST",
  "path": "/api/token/",
  "query_params": {},
  "user": "Anonymous",
  "ip": "127.0.0.1",
  "user_agent": "Dart/3.9 (dart:io)",
  "body": {
    "username": "manuel",
    "password": "***HIDDEN***"
  }
}
2025-10-23 14:08:49,959 - WARNING - 丘멆잺 RESPONSE [POST /api/token/]: {
  "status_code": 404,
  "duration_ms": 15.24,
  "content_type": "text/html; charset=utf-8",
  "content": "Non-JSON response (32066 bytes)"
}
2025-10-23 14:09:23,616 - INFO - 游닌 REQUEST: {
  "method": "POST",
  "path": "/api/token/",
  "query_params": {},
  "user": "Anonymous",
  "ip": "127.0.0.1",
  "user_agent": "Dart/3.9 (dart:io)",
  "body": {
    "username": "marvin",
    "password": "***HIDDEN***"
  }
}
2025-10-23 14:09:23,641 - WARNING - 丘멆잺 RESPONSE [POST /api/token/]: {
  "status_code": 404,
  "duration_ms": 26.8,
  "content_type": "text/html; charset=utf-8",
  "content": "Non-JSON response (32066 bytes)"
}
2025-10-23 14:26:51,734 - INFO - 游닌 REQUEST: {
  "method": "POST",
  "path": "/api/login/",
  "query_params": {},
  "user": "Anonymous",
  "ip": "127.0.0.1",
  "user_agent": "Dart/3.9 (dart:io)",
  "body": {
    "username": "manuel",
    "password": "***HIDDEN***"
  }
}
2025-10-23 14:26:52,027 - INFO - 游닋 RESPONSE [POST /api/login/]: {
  "status_code": 200,
  "duration_ms": 296.36,
  "content_type": "application/json",
  "content": {
    "refresh": "eyJhbGciOiJIUzI1NiIsInR5cCI6IkpXVCJ9.eyJ0b2tlbl90eXBlIjoicmVmcmVzaCIsImV4cCI6MTc2MTgzNDQxMiwiaWF0IjoxNzYxMjI5NjEyLCJqdGkiOiJkZTk4Y2QwOTk4N2Q0ZDA5OTZkYWJmYjk0NTdhZmFlMyIsInVzZXJfaWQiOiI0In0.cFaZaYvZ7-qWaI15c7rxsWCqUhKWj6m9jJPzIZ8VDiw",
    "access": "eyJhbGciOiJIUzI1NiIsInR5cCI6IkpXVCJ9.eyJ0b2tlbl90eXBlIjoiYWNjZXNzIiwiZXhwIjoxNzYxMjMzMjEyLCJpYXQiOjE3NjEyMjk2MTIsImp0aSI6ImNiZDE2N2JkZTQxNDQ2MTVhZDdjMjdlM2I2YzAyOTZkIiwidXNlcl9pZCI6IjQifQ.RMp2fDMHVoWvGvrWMoSpYP29zJzMktqZFiIkGWcOoRs"
  }
}
2025-10-23 14:26:58,720 - INFO - 游닌 REQUEST: {
  "method": "GET",
  "path": "/api/profiles/me/",
  "query_params": {},
  "user": "Anonymous",
  "ip": "127.0.0.1",
  "user_agent": "Dart/3.9 (dart:io)"
}
2025-10-23 14:26:58,736 - WARNING - 丘멆잺 RESPONSE [GET /api/profiles/me/]: {
  "status_code": 404,
  "duration_ms": 15.95,
  "content_type": "application/json",
  "content": {
    "detail": "Not found."
  }
}
2025-10-23 14:26:58,743 - INFO - 游닌 REQUEST: {
  "method": "GET",
  "path": "/api/auth/user/",
  "query_params": {},
  "user": "Anonymous",
  "ip": "127.0.0.1",
  "user_agent": "Dart/3.9 (dart:io)"
}
2025-10-23 14:26:58,751 - WARNING - 丘멆잺 RESPONSE [GET /api/auth/user/]: {
  "status_code": 404,
  "duration_ms": 8.36,
  "content_type": "text/html; charset=utf-8",
  "content": "Non-JSON response (32077 bytes)"
}
2025-10-23 14:27:10,717 - INFO - 游닌 REQUEST: {
  "method": "GET",
  "path": "/api/profiles/me/",
  "query_params": {},
  "user": "Anonymous",
  "ip": "127.0.0.1",
  "user_agent": "Dart/3.9 (dart:io)"
}
2025-10-23 14:27:10,728 - WARNING - 丘멆잺 RESPONSE [GET /api/profiles/me/]: {
  "status_code": 404,
  "duration_ms": 10.36,
  "content_type": "application/json",
  "content": {
    "detail": "Not found."
  }
}
2025-10-23 14:27:10,738 - INFO - 游닌 REQUEST: {
  "method": "GET",
  "path": "/api/auth/user/",
  "query_params": {},
  "user": "Anonymous",
  "ip": "127.0.0.1",
  "user_agent": "Dart/3.9 (dart:io)"
}
2025-10-23 14:27:10,742 - WARNING - 丘멆잺 RESPONSE [GET /api/auth/user/]: {
  "status_code": 404,
  "duration_ms": 3.73,
  "content_type": "text/html; charset=utf-8",
  "content": "Non-JSON response (32077 bytes)"
}
2025-10-23 14:35:00,175 - INFO - 游닌 REQUEST: {
  "method": "GET",
  "path": "/api/profiles/",
  "query_params": {},
  "user": "Anonymous",
  "ip": "127.0.0.1",
  "user_agent": "Dart/3.9 (dart:io)"
}
2025-10-23 14:35:00,504 - INFO - 游닋 RESPONSE [GET /api/profiles/]: {
  "status_code": 200,
  "duration_ms": 332.3,
  "content_type": "application/json",
  "content": {
    "count": 0,
    "next": null,
    "previous": null,
    "results": []
  }
}
2025-10-23 14:35:00,533 - INFO - 游닌 REQUEST: {
  "method": "GET",
  "path": "/api/users/me/",
  "query_params": {},
  "user": "Anonymous",
  "ip": "127.0.0.1",
  "user_agent": "Dart/3.9 (dart:io)"
}
2025-10-23 14:35:00,543 - WARNING - 丘멆잺 RESPONSE [GET /api/users/me/]: {
  "status_code": 404,
  "duration_ms": 9.27,
  "content_type": "application/json",
  "content": {
    "detail": "Not found."
  }
}
2025-10-23 14:45:01,607 - INFO - 游닌 REQUEST: {
  "method": "POST",
  "path": "/api/login/",
  "query_params": {},
  "user": "Anonymous",
  "ip": "127.0.0.1",
  "user_agent": "curl/8.7.1",
  "body": {
    "username": "testuser",
    "password": "***HIDDEN***"
  }
}
2025-10-23 14:45:01,726 - INFO - 游닋 RESPONSE [POST /api/login/]: {
  "status_code": 200,
  "duration_ms": 119.34,
  "content_type": "application/json",
  "content": {
    "refresh": "eyJhbGciOiJIUzI1NiIsInR5cCI6IkpXVCJ9.eyJ0b2tlbl90eXBlIjoicmVmcmVzaCIsImV4cCI6MTc2MTgzNTUwMSwiaWF0IjoxNzYxMjMwNzAxLCJqdGkiOiIwNTlhZTBiY2IwNDc0MGZjYjI0ZjE3MDRkMWFmMDE5OSIsInVzZXJfaWQiOiI1In0.FR3zxtGMJKsrYzPcIiaBae4rwDqkUF8DQn6H2Tj8ks8",
    "access": "eyJhbGciOiJIUzI1NiIsInR5cCI6IkpXVCJ9.eyJ0b2tlbl90eXBlIjoiYWNjZXNzIiwiZXhwIjoxNzYxMjM0MzAxLCJpYXQiOjE3NjEyMzA3MDEsImp0aSI6Ijg5NjhkOTVhMzg2OTQ4MDk5YTZkMGM5MTgyNDFlNjE5IiwidXNlcl9pZCI6IjUifQ.bJt-Xky2Oq6vkO6hcQtE8KirnfmSzzcCJAxQZoo7TGU"
  }
}
2025-10-23 14:45:11,528 - INFO - 游닌 REQUEST: {
  "method": "GET",
  "path": "/api/users/me/",
  "query_params": {},
  "user": "Anonymous",
  "ip": "127.0.0.1",
  "user_agent": "curl/8.7.1"
}
2025-10-23 14:45:11,545 - INFO - 游닋 RESPONSE [GET /api/users/me/]: {
  "status_code": 200,
  "duration_ms": 17.18,
  "content_type": "application/json",
  "content": {
    "id": 5,
    "username": "testuser",
    "email": "test@example.com",
    "first_name": "",
    "last_name": "",
    "date_joined": "2025-10-23T14:44:32.737864Z"
  }
}
2025-10-23 14:45:24,173 - INFO - 游닌 REQUEST: {
  "method": "GET",
  "path": "/api/profiles/me/",
  "query_params": {},
  "user": "Anonymous",
  "ip": "127.0.0.1",
  "user_agent": "curl/8.7.1"
}
2025-10-23 14:45:24,187 - WARNING - 丘멆잺 RESPONSE [GET /api/profiles/me/]: {
  "status_code": 404,
  "duration_ms": 13.97,
  "content_type": "application/json",
  "content": {
    "detail": "El usuario no tiene un perfil creado"
  }
}
2025-10-23 14:45:33,180 - INFO - 游닌 REQUEST: {
  "method": "POST",
  "path": "/api/profiles/",
  "query_params": {},
  "user": "Anonymous",
  "ip": "127.0.0.1",
  "user_agent": "curl/8.7.1",
  "body": {
    "user_type": "inquilino",
    "phone": "+59112345678"
  }
}
2025-10-23 14:45:33,206 - INFO - 游닋 RESPONSE [POST /api/profiles/]: {
  "status_code": 201,
  "duration_ms": 25.62,
  "content_type": "application/json",
  "content": {
    "id": 1,
    "user": {
      "id": 5,
      "username": "testuser",
      "email": "test@example.com",
      "first_name": "",
      "last_name": "",
      "date_joined": "2025-10-23T14:44:32.737864Z"
    },
    "user_type": "inquilino",
    "phone": "+59112345678",
    "is_verified": false,
    "created_at": "2025-10-23T14:45:33.193463Z",
    "updated_at": "2025-10-23T14:45:33.193476Z",
    "favorites": []
  }
}
2025-10-23 14:45:44,488 - INFO - 游닌 REQUEST: {
  "method": "GET",
  "path": "/api/profiles/me/",
  "query_params": {},
  "user": "Anonymous",
  "ip": "127.0.0.1",
  "user_agent": "curl/8.7.1"
}
2025-10-23 14:45:44,522 - INFO - 游닋 RESPONSE [GET /api/profiles/me/]: {
  "status_code": 200,
  "duration_ms": 34.01,
  "content_type": "application/json",
  "content": {
    "id": 1,
    "user": {
      "id": 5,
      "username": "testuser",
      "email": "test@example.com",
      "first_name": "",
      "last_name": "",
      "date_joined": "2025-10-23T14:44:32.737864Z"
    },
    "user_type": "inquilino",
    "phone": "+59112345678",
    "is_verified": false,
    "created_at": "2025-10-23T14:45:33.193463Z",
    "updated_at": "2025-10-23T14:45:33.193476Z",
    "favorites": []
  }
}
2025-10-23 14:59:32,783 - INFO - 游닌 REQUEST: {
  "method": "GET",
  "path": "/api/profiles/me/",
  "query_params": {},
  "user": "Anonymous",
  "ip": "127.0.0.1",
  "user_agent": "Dart/3.9 (dart:io)"
}
2025-10-23 14:59:32,870 - WARNING - 丘멆잺 RESPONSE [GET /api/profiles/me/]: {
  "status_code": 404,
  "duration_ms": 92.65,
  "content_type": "application/json",
  "content": {
    "detail": "El usuario no tiene un perfil creado"
  }
}
2025-10-23 15:00:38,953 - INFO - 游닌 REQUEST: {
  "method": "POST",
  "path": "/api/logout/",
  "query_params": {},
  "user": "Anonymous",
  "ip": "127.0.0.1",
  "user_agent": "Dart/3.9 (dart:io)",
  "body": {}
}
2025-10-23 15:00:38,983 - WARNING - 丘멆잺 RESPONSE [POST /api/logout/]: {
  "status_code": 404,
  "duration_ms": 31.5,
  "content_type": "text/html; charset=utf-8",
  "content": "Non-JSON response (33565 bytes)"
}
2025-10-23 15:01:47,433 - INFO - 游닌 REQUEST: {
  "method": "POST",
  "path": "/api/users/",
  "query_params": {},
  "user": "Anonymous",
  "ip": "127.0.0.1",
  "user_agent": "Dart/3.9 (dart:io)",
  "body": {
    "username": "marcelo",
    "email": "marcelo@gmail.com",
    "first_name": "marcelo",
    "last_name": "perez",
    "password": "***HIDDEN***"
  }
}
2025-10-23 15:01:47,626 - INFO - 游닋 RESPONSE [POST /api/users/]: {
  "status_code": 201,
  "duration_ms": 194.04,
  "content_type": "application/json",
  "content": {
    "username": "marcelo",
    "email": "marcelo@gmail.com",
    "first_name": "marcelo",
    "last_name": "perez"
  }
}
2025-10-23 15:01:47,662 - INFO - 游닌 REQUEST: {
  "method": "POST",
  "path": "/api/profiles/",
  "query_params": {},
  "user": "Anonymous",
  "ip": "127.0.0.1",
  "user_agent": "Dart/3.9 (dart:io)",
  "body": {
    "user_type": "agente",
    "phone": "71363256",
    "favorites": []
  }
}
2025-10-23 15:01:47,663 - WARNING - 丘멆잺 RESPONSE [POST /api/profiles/]: {
  "status_code": 401,
  "duration_ms": 1.03,
  "content_type": "application/json",
  "content": {
    "detail": "Authentication credentials were not provided."
  }
}
2025-10-23 15:04:45,580 - INFO - 游닌 REQUEST: {
  "method": "POST",
  "path": "/api/users/",
  "query_params": {},
  "user": "Anonymous",
  "ip": "127.0.0.1",
  "user_agent": "curl/8.7.1",
  "body": {
    "username": "testuser2",
    "email": "testuser2@example.com",
    "password": "***HIDDEN***",
    "first_name": "Test",
    "last_name": "User2",
    "user_type": "agente",
    "phone": "71363256"
  }
}
2025-10-23 15:04:45,717 - INFO - 游닋 RESPONSE [POST /api/users/]: {
  "status_code": 201,
  "duration_ms": 136.66,
  "content_type": "application/json",
  "content": {
    "username": "testuser2",
    "email": "testuser2@example.com",
    "first_name": "Test",
    "last_name": "User2"
  }
}
2025-10-23 15:04:54,501 - INFO - 游닌 REQUEST: {
  "method": "POST",
  "path": "/api/login/",
  "query_params": {},
  "user": "Anonymous",
  "ip": "127.0.0.1",
  "user_agent": "curl/8.7.1",
  "body": {
    "username": "testuser2",
    "password": "***HIDDEN***"
  }
}
2025-10-23 15:04:54,621 - INFO - 游닋 RESPONSE [POST /api/login/]: {
  "status_code": 200,
  "duration_ms": 120.48,
  "content_type": "application/json",
  "content": {
    "refresh": "eyJhbGciOiJIUzI1NiIsInR5cCI6IkpXVCJ9.eyJ0b2tlbl90eXBlIjoicmVmcmVzaCIsImV4cCI6MTc2MTgzNjY5NCwiaWF0IjoxNzYxMjMxODk0LCJqdGkiOiI0YmM0NDc0MjUyYTQ0YWNmOGRhNWU1ZTUyOTdlM2FjMCIsInVzZXJfaWQiOiI3In0.aRemzhP7loNA7CQdcocfNnmKAtwgrjkW_KyPhhWdekY",
    "access": "eyJhbGciOiJIUzI1NiIsInR5cCI6IkpXVCJ9.eyJ0b2tlbl90eXBlIjoiYWNjZXNzIiwiZXhwIjoxNzYxMjM1NDk0LCJpYXQiOjE3NjEyMzE4OTQsImp0aSI6ImIwMmQ3NmM0NmQzNDQ1NDViZjNiMWZkNGQ3MTU4MGM5IiwidXNlcl9pZCI6IjcifQ.-R-8nTqhQbycEbGsJDEBU8lG9ujAQaH0NuNDlVA5uEI"
  }
}
2025-10-23 15:05:08,548 - INFO - 游닌 REQUEST: {
  "method": "GET",
  "path": "/api/profiles/me/",
  "query_params": {},
  "user": "Anonymous",
  "ip": "127.0.0.1",
  "user_agent": "curl/8.7.1"
}
2025-10-23 15:05:08,570 - INFO - 游닋 RESPONSE [GET /api/profiles/me/]: {
  "status_code": 200,
  "duration_ms": 22.38,
  "content_type": "application/json",
  "content": {
    "id": 2,
    "user": {
      "id": 7,
      "username": "testuser2",
      "email": "testuser2@example.com",
      "first_name": "Test",
      "last_name": "User2",
      "date_joined": "2025-10-23T15:04:45.608469Z"
    },
    "user_type": "agente",
    "phone": "71363256",
    "is_verified": false,
    "created_at": "2025-10-23T15:04:45.714922Z",
    "updated_at": "2025-10-23T15:04:45.714925Z",
    "favorites": []
  }
}
2025-10-23 15:14:11,316 - INFO - 游닌 REQUEST: {
  "method": "POST",
  "path": "/api/users/",
  "query_params": {},
  "user": "Anonymous",
  "ip": "127.0.0.1",
  "user_agent": "Dart/3.9 (dart:io)",
  "body": {
    "username": "gustavo",
    "email": "gustavo@gmail.com",
    "first_name": "gustavo",
    "last_name": "paz",
    "password": "***HIDDEN***"
  }
}
2025-10-23 15:14:11,519 - INFO - 游닋 RESPONSE [POST /api/users/]: {
  "status_code": 201,
  "duration_ms": 205.82,
  "content_type": "application/json",
  "content": {
    "username": "gustavo",
    "email": "gustavo@gmail.com",
    "first_name": "gustavo",
    "last_name": "paz"
  }
}
2025-10-23 15:14:11,546 - INFO - 游닌 REQUEST: {
  "method": "POST",
  "path": "/api/profiles/",
  "query_params": {},
  "user": "Anonymous",
  "ip": "127.0.0.1",
  "user_agent": "Dart/3.9 (dart:io)",
  "body": {
    "user_type": "inquilino",
    "phone": "71363565",
    "favorites": []
  }
}
2025-10-23 15:14:11,547 - WARNING - 丘멆잺 RESPONSE [POST /api/profiles/]: {
  "status_code": 401,
  "duration_ms": 1.57,
  "content_type": "application/json",
  "content": {
    "detail": "Authentication credentials were not provided."
  }
}
2025-10-23 15:23:40,211 - INFO - 游닌 REQUEST: {
  "method": "POST",
  "path": "/api/users/",
  "query_params": {},
  "user": "Anonymous",
  "ip": "127.0.0.1",
  "user_agent": "Dart/3.9 (dart:io)",
  "body": {
    "username": "juan",
    "email": "juan@gmail.com",
    "first_name": "juan",
    "last_name": "perez",
    "password": "***HIDDEN***",
    "user_type": "inquilino",
    "phone": "7217548"
  }
}
2025-10-23 15:23:40,356 - INFO - 游닋 RESPONSE [POST /api/users/]: {
  "status_code": 201,
  "duration_ms": 145.85,
  "content_type": "application/json",
  "content": {
    "username": "juan",
    "email": "juan@gmail.com",
    "first_name": "juan",
    "last_name": "perez"
  }
}
2025-10-23 15:23:40,375 - INFO - 游닌 REQUEST: {
  "method": "POST",
  "path": "/api/login/",
  "query_params": {},
  "user": "Anonymous",
  "ip": "127.0.0.1",
  "user_agent": "Dart/3.9 (dart:io)",
  "body": {
    "username": "juan",
    "password": "***HIDDEN***"
  }
}
2025-10-23 15:23:40,487 - INFO - 游닋 RESPONSE [POST /api/login/]: {
  "status_code": 200,
  "duration_ms": 112.41,
  "content_type": "application/json",
  "content": {
    "refresh": "eyJhbGciOiJIUzI1NiIsInR5cCI6IkpXVCJ9.eyJ0b2tlbl90eXBlIjoicmVmcmVzaCIsImV4cCI6MTc2MTgzNzgyMCwiaWF0IjoxNzYxMjMzMDIwLCJqdGkiOiIzNGExOTRkM2Q3MTY0ODllOWViMGFmN2YyYjgxMGU0OCIsInVzZXJfaWQiOiI5In0.oPbYiPEFLXgDvKnbMztyCi2ghHUnxINtp0GwXrqFmvI",
    "access": "eyJhbGciOiJIUzI1NiIsInR5cCI6IkpXVCJ9.eyJ0b2tlbl90eXBlIjoiYWNjZXNzIiwiZXhwIjoxNzYxMjM2NjIwLCJpYXQiOjE3NjEyMzMwMjAsImp0aSI6Ijg1ZGEwMTE0NTcyNTQxMTU4YjBlNzg2ZTAxYWI5OTlkIiwidXNlcl9pZCI6IjkifQ.EBU8Qm8TSr7BO7KE9xjRwZl1x3m3SOZI698TNTj4v7M"
  }
}
2025-10-23 15:23:50,369 - INFO - 游닌 REQUEST: {
  "method": "GET",
  "path": "/api/profiles/me/",
  "query_params": {},
  "user": "Anonymous",
  "ip": "127.0.0.1",
  "user_agent": "Dart/3.9 (dart:io)"
}
2025-10-23 15:23:50,401 - INFO - 游닋 RESPONSE [GET /api/profiles/me/]: {
  "status_code": 200,
  "duration_ms": 33.5,
  "content_type": "application/json",
  "content": {
    "id": 4,
    "user": {
      "id": 9,
      "username": "juan",
      "email": "juan@gmail.com",
      "first_name": "juan",
      "last_name": "perez",
      "date_joined": "2025-10-23T15:23:40.232827Z"
    },
    "user_type": "inquilino",
    "phone": "7217548",
    "is_verified": false,
    "created_at": "2025-10-23T15:23:40.352527Z",
    "updated_at": "2025-10-23T15:23:40.352536Z",
    "favorites": []
  }
}
2025-10-23 15:35:48,838 - INFO - 游닌 REQUEST: {
  "method": "GET",
  "path": "/api/profiles/me/",
  "query_params": {},
  "user": "Anonymous",
  "ip": "127.0.0.1",
  "user_agent": "Dart/3.9 (dart:io)"
}
2025-10-23 15:35:48,897 - INFO - 游닋 RESPONSE [GET /api/profiles/me/]: {
  "status_code": 200,
  "duration_ms": 63.07,
  "content_type": "application/json",
  "content": {
    "id": 4,
    "user": {
      "id": 9,
      "username": "juan",
      "email": "juan@gmail.com",
      "first_name": "juan",
      "last_name": "perez",
      "date_joined": "2025-10-23T15:23:40.232827Z"
    },
    "user_type": "inquilino",
    "phone": "7217548",
    "is_verified": false,
    "created_at": "2025-10-23T15:23:40.352527Z",
    "updated_at": "2025-10-23T15:23:40.352536Z",
    "favorites": []
  }
}
2025-10-23 17:07:17,093 - INFO - 游닌 REQUEST: {
  "method": "GET",
  "path": "/api/profiles/me/",
  "query_params": {},
  "user": "Anonymous",
  "ip": "127.0.0.1",
  "user_agent": "Dart/3.9 (dart:io)"
}
2025-10-23 17:07:17,106 - WARNING - 丘멆잺 RESPONSE [GET /api/profiles/me/]: {
  "status_code": 401,
  "duration_ms": 13.66,
  "content_type": "application/json",
  "content": {
    "detail": "Given token not valid for any token type",
    "code": "token_not_valid",
    "messages": [
      {
        "token_class": "AccessToken",
        "token_type": "access",
        "message": "Token is expired"
      }
    ]
  }
}
2025-10-23 17:23:16,872 - INFO - 游닌 REQUEST: {
  "method": "GET",
  "path": "/api/profiles/me/",
  "query_params": {},
  "user": "Anonymous",
  "ip": "192.168.1.7",
  "user_agent": "Dart/3.9 (dart:io)"
}
2025-10-23 17:23:16,888 - WARNING - 丘멆잺 RESPONSE [GET /api/profiles/me/]: {
  "status_code": 401,
  "duration_ms": 18.77,
  "content_type": "application/json",
  "content": {
    "detail": "Given token not valid for any token type",
    "code": "token_not_valid",
    "messages": [
      {
        "token_class": "AccessToken",
        "token_type": "access",
        "message": "Token is expired"
      }
    ]
  }
}
2025-10-23 17:23:16,942 - INFO - 游닌 REQUEST: {
  "method": "GET",
  "path": "/api/auth/user/",
  "query_params": {},
  "user": "Anonymous",
  "ip": "192.168.1.7",
  "user_agent": "Dart/3.9 (dart:io)"
}
2025-10-23 17:23:16,963 - WARNING - 丘멆잺 RESPONSE [GET /api/auth/user/]: {
  "status_code": 404,
  "duration_ms": 21.02,
  "content_type": "text/html; charset=utf-8",
  "content": "Non-JSON response (33576 bytes)"
}
2025-10-23 17:23:40,246 - INFO - 游닌 REQUEST: {
  "method": "GET",
  "path": "/api/profiles/me/",
  "query_params": {},
  "user": "Anonymous",
  "ip": "192.168.1.7",
  "user_agent": "Dart/3.9 (dart:io)"
}
2025-10-23 17:23:40,250 - WARNING - 丘멆잺 RESPONSE [GET /api/profiles/me/]: {
  "status_code": 401,
  "duration_ms": 4.55,
  "content_type": "application/json",
  "content": {
    "detail": "Given token not valid for any token type",
    "code": "token_not_valid",
    "messages": [
      {
        "token_class": "AccessToken",
        "token_type": "access",
        "message": "Token is expired"
      }
    ]
  }
}
2025-10-23 17:23:40,257 - INFO - 游닌 REQUEST: {
  "method": "GET",
  "path": "/api/auth/user/",
  "query_params": {},
  "user": "Anonymous",
  "ip": "192.168.1.7",
  "user_agent": "Dart/3.9 (dart:io)"
}
2025-10-23 17:23:40,270 - WARNING - 丘멆잺 RESPONSE [GET /api/auth/user/]: {
  "status_code": 404,
  "duration_ms": 12.3,
  "content_type": "text/html; charset=utf-8",
  "content": "Non-JSON response (33576 bytes)"
}
2025-10-24 14:13:46,213 - INFO - 游닌 REQUEST: {
  "method": "GET",
  "path": "/api/profiles/me/",
  "query_params": {},
  "user": "Anonymous",
  "ip": "127.0.0.1",
  "user_agent": "Dart/3.9 (dart:io)"
}
2025-10-24 14:13:46,239 - WARNING - 丘멆잺 RESPONSE [GET /api/profiles/me/]: {
  "status_code": 401,
  "duration_ms": 26.39,
  "content_type": "application/json",
  "content": {
    "detail": "Given token not valid for any token type",
    "code": "token_not_valid",
    "messages": [
      {
        "token_class": "AccessToken",
        "token_type": "access",
        "message": "Token is expired"
      }
    ]
  }
}
2025-10-24 14:13:46,301 - INFO - 游닌 REQUEST: {
  "method": "POST",
  "path": "/api/refresh/",
  "query_params": {},
  "user": "Anonymous",
  "ip": "127.0.0.1",
  "user_agent": "Dart/3.9 (dart:io)",
  "body": {
    "refresh": "eyJhbGciOiJIUzI1NiIsInR5cCI6IkpXVCJ9.eyJ0b2tlbl90eXBlIjoicmVmcmVzaCIsImV4cCI6MTc2MTgzNzgyMCwiaWF0IjoxNzYxMjMzMDIwLCJqdGkiOiIzNGExOTRkM2Q3MTY0ODllOWViMGFmN2YyYjgxMGU0OCIsInVzZXJfaWQiOiI5In0.oPbYiPEFLXgDvKnbMztyCi2ghHUnxINtp0GwXrqFmvI"
  }
}
2025-10-24 14:13:46,385 - INFO - 游닋 RESPONSE [POST /api/refresh/]: {
  "status_code": 200,
  "duration_ms": 84.45,
  "content_type": "application/json",
  "content": {
    "access": "eyJhbGciOiJIUzI1NiIsInR5cCI6IkpXVCJ9.eyJ0b2tlbl90eXBlIjoiYWNjZXNzIiwiZXhwIjoxNzYxMzE4ODI2LCJpYXQiOjE3NjEzMTUyMjYsImp0aSI6ImYxNWRmNGI1ZGRmOTQ1NDVhOTkxOWI2MGU0MjY4NDI1IiwidXNlcl9pZCI6IjkifQ.Ye1KrpSIzebX9Ujolzh3zrMRg97mtvBJ3KDRyXbkcO0",
    "refresh": "eyJhbGciOiJIUzI1NiIsInR5cCI6IkpXVCJ9.eyJ0b2tlbl90eXBlIjoicmVmcmVzaCIsImV4cCI6MTc2MTkyMDAyNiwiaWF0IjoxNzYxMzE1MjI2LCJqdGkiOiI2ZjMzNTU5MzUxZjQ0NjE5YTg1NTg5NTFhYzY3YTM4YiIsInVzZXJfaWQiOiI5In0.uu2yw9tAn-gGknJpoh7sdMvCjq54JWlHHIQbXsRQNOA"
  }
}
2025-10-24 14:13:46,450 - INFO - 游닌 REQUEST: {
  "method": "GET",
  "path": "/api/profiles/me/",
  "query_params": {},
  "user": "Anonymous",
  "ip": "127.0.0.1",
  "user_agent": "Dart/3.9 (dart:io)"
}
2025-10-24 14:13:46,480 - INFO - 游닋 RESPONSE [GET /api/profiles/me/]: {
  "status_code": 200,
  "duration_ms": 30.08,
  "content_type": "application/json",
  "content": {
    "id": 4,
    "user": {
      "id": 9,
      "username": "juan",
      "email": "juan@gmail.com",
      "first_name": "juan",
      "last_name": "perez",
      "date_joined": "2025-10-23T15:23:40.232827Z"
    },
    "user_type": "inquilino",
    "phone": "7217548",
    "is_verified": false,
    "created_at": "2025-10-23T15:23:40.352527Z",
    "updated_at": "2025-10-23T15:23:40.352536Z",
    "favorites": []
  }
}
2025-10-24 14:15:18,399 - INFO - 游닌 REQUEST: {
  "method": "PUT",
  "path": "/api/profiles/4/",
  "query_params": {},
  "user": "Anonymous",
  "ip": "127.0.0.1",
  "user_agent": "Dart/3.9 (dart:io)",
  "body": {
    "phone": "7217548"
  }
}
2025-10-24 14:15:18,461 - INFO - 游닋 RESPONSE [PUT /api/profiles/4/]: {
  "status_code": 200,
  "duration_ms": 62.69,
  "content_type": "application/json",
  "content": {
    "id": 4,
    "user": {
      "id": 9,
      "username": "juan",
      "email": "juan@gmail.com",
      "first_name": "juan",
      "last_name": "perez",
      "date_joined": "2025-10-23T15:23:40.232827Z"
    },
    "user_type": "inquilino",
    "phone": "7217548",
    "is_verified": false,
    "created_at": "2025-10-23T15:23:40.352527Z",
    "updated_at": "2025-10-24T14:15:18.433211Z",
    "favorites": []
  }
}
2025-10-24 14:15:18,521 - INFO - 游닌 REQUEST: {
  "method": "PATCH",
  "path": "/api/profiles/4/",
  "query_params": {},
  "user": "Anonymous",
  "ip": "127.0.0.1",
  "user_agent": "Dart/3.9 (dart:io)",
  "body": {
    "form_fields": [],
    "files": []
  }
}
2025-10-24 14:15:18,548 - INFO - 游닋 RESPONSE [PATCH /api/profiles/4/]: {
  "status_code": 200,
  "duration_ms": 27.52,
  "content_type": "application/json",
  "content": {
    "id": 4,
    "user": {
      "id": 9,
      "username": "juan",
      "email": "juan@gmail.com",
      "first_name": "juan",
      "last_name": "perez",
      "date_joined": "2025-10-23T15:23:40.232827Z"
    },
    "user_type": "inquilino",
    "phone": "7217548",
    "is_verified": false,
    "created_at": "2025-10-23T15:23:40.352527Z",
    "updated_at": "2025-10-24T14:15:18.545465Z",
    "favorites": []
  }
}
2025-10-24 14:15:18,593 - INFO - 游닌 REQUEST: {
  "method": "GET",
  "path": "/api/profiles/me/",
  "query_params": {},
  "user": "Anonymous",
  "ip": "127.0.0.1",
  "user_agent": "Dart/3.9 (dart:io)"
}
2025-10-24 14:15:18,616 - INFO - 游닋 RESPONSE [GET /api/profiles/me/]: {
  "status_code": 200,
  "duration_ms": 23.25,
  "content_type": "application/json",
  "content": {
    "id": 4,
    "user": {
      "id": 9,
      "username": "juan",
      "email": "juan@gmail.com",
      "first_name": "juan",
      "last_name": "perez",
      "date_joined": "2025-10-23T15:23:40.232827Z"
    },
    "user_type": "inquilino",
    "phone": "7217548",
    "is_verified": false,
    "created_at": "2025-10-23T15:23:40.352527Z",
    "updated_at": "2025-10-24T14:15:18.545465Z",
    "favorites": []
  }
}
2025-10-24 14:15:26,706 - INFO - 游닌 REQUEST: {
  "method": "GET",
  "path": "/api/profiles/me/",
  "query_params": {},
  "user": "Anonymous",
  "ip": "127.0.0.1",
  "user_agent": "Dart/3.9 (dart:io)"
}
2025-10-24 14:15:26,740 - INFO - 游닋 RESPONSE [GET /api/profiles/me/]: {
  "status_code": 200,
  "duration_ms": 34.53,
  "content_type": "application/json",
  "content": {
    "id": 4,
    "user": {
      "id": 9,
      "username": "juan",
      "email": "juan@gmail.com",
      "first_name": "juan",
      "last_name": "perez",
      "date_joined": "2025-10-23T15:23:40.232827Z"
    },
    "user_type": "inquilino",
    "phone": "7217548",
    "is_verified": false,
    "created_at": "2025-10-23T15:23:40.352527Z",
    "updated_at": "2025-10-24T14:15:18.545465Z",
    "favorites": []
  }
}
2025-10-24 14:45:54,182 - INFO - 游닌 REQUEST: {
  "method": "GET",
  "path": "/api/profiles/me/",
  "query_params": {},
  "user": "Anonymous",
  "ip": "127.0.0.1",
  "user_agent": "Dart/3.9 (dart:io)"
}
2025-10-24 14:45:54,286 - INFO - 游닋 RESPONSE [GET /api/profiles/me/]: {
  "status_code": 200,
  "duration_ms": 105.75,
  "content_type": "application/json",
  "content": {
    "id": 4,
    "user": {
      "id": 9,
      "username": "juan",
      "email": "juan@gmail.com",
      "first_name": "juan",
      "last_name": "perez",
      "date_joined": "2025-10-23T15:23:40.232827Z"
    },
    "user_type": "inquilino",
    "phone": "7217548",
    "profile_picture": null,
    "is_verified": false,
    "created_at": "2025-10-23T15:23:40.352527Z",
    "updated_at": "2025-10-24T14:15:18.545465Z",
    "favorites": []
  }
}
2025-10-24 14:46:14,358 - INFO - 游닌 REQUEST: {
  "method": "PUT",
  "path": "/api/profiles/4/",
  "query_params": {},
  "user": "Anonymous",
  "ip": "127.0.0.1",
  "user_agent": "Dart/3.9 (dart:io)",
  "body": {
    "phone": "7217548"
  }
}
2025-10-24 14:46:14,391 - WARNING - 丘멆잺 RESPONSE [PUT /api/profiles/4/]: {
  "status_code": 415,
  "duration_ms": 33.86,
  "content_type": "application/json",
  "content": {
    "detail": "Unsupported media type \"application/json\" in request."
  }
}
2025-10-24 14:46:23,454 - INFO - 游닌 REQUEST: {
  "method": "PUT",
  "path": "/api/profiles/4/",
  "query_params": {},
  "user": "Anonymous",
  "ip": "127.0.0.1",
  "user_agent": "Dart/3.9 (dart:io)",
  "body": {
    "phone": "7217548"
  }
}
2025-10-24 14:46:23,474 - WARNING - 丘멆잺 RESPONSE [PUT /api/profiles/4/]: {
  "status_code": 415,
  "duration_ms": 20.16,
  "content_type": "application/json",
  "content": {
    "detail": "Unsupported media type \"application/json\" in request."
  }
}
2025-10-24 14:46:37,816 - INFO - 游닌 REQUEST: {
  "method": "PUT",
  "path": "/api/profiles/4/",
  "query_params": {},
  "user": "Anonymous",
  "ip": "127.0.0.1",
  "user_agent": "Dart/3.9 (dart:io)",
  "body": {
    "phone": "7217548"
  }
}
2025-10-24 14:46:37,842 - WARNING - 丘멆잺 RESPONSE [PUT /api/profiles/4/]: {
  "status_code": 415,
  "duration_ms": 27.34,
  "content_type": "application/json",
  "content": {
    "detail": "Unsupported media type \"application/json\" in request."
  }
}
2025-10-24 15:16:58,704 - INFO - 游닌 REQUEST: {
  "method": "GET",
  "path": "/api/profiles/me/",
  "query_params": {},
  "user": "Anonymous",
  "ip": "127.0.0.1",
  "user_agent": "Dart/3.9 (dart:io)"
}
2025-10-24 15:16:59,074 - WARNING - 丘멆잺 RESPONSE [GET /api/profiles/me/]: {
  "status_code": 401,
  "duration_ms": 379.24,
  "content_type": "application/json",
  "content": {
    "detail": "Given token not valid for any token type",
    "code": "token_not_valid",
    "messages": [
      {
        "token_class": "AccessToken",
        "token_type": "access",
        "message": "Token is expired"
      }
    ]
  }
}
2025-10-24 15:16:59,141 - INFO - 游닌 REQUEST: {
  "method": "POST",
  "path": "/api/refresh/",
  "query_params": {},
  "user": "Anonymous",
  "ip": "127.0.0.1",
  "user_agent": "Dart/3.9 (dart:io)",
  "body": {
    "refresh": "eyJhbGciOiJIUzI1NiIsInR5cCI6IkpXVCJ9.eyJ0b2tlbl90eXBlIjoicmVmcmVzaCIsImV4cCI6MTc2MTgzNzgyMCwiaWF0IjoxNzYxMjMzMDIwLCJqdGkiOiIzNGExOTRkM2Q3MTY0ODllOWViMGFmN2YyYjgxMGU0OCIsInVzZXJfaWQiOiI5In0.oPbYiPEFLXgDvKnbMztyCi2ghHUnxINtp0GwXrqFmvI"
  }
}
2025-10-24 15:16:59,817 - INFO - 游닋 RESPONSE [POST /api/refresh/]: {
  "status_code": 200,
  "duration_ms": 677.26,
  "content_type": "application/json",
  "content": {
    "access": "eyJhbGciOiJIUzI1NiIsInR5cCI6IkpXVCJ9.eyJ0b2tlbl90eXBlIjoiYWNjZXNzIiwiZXhwIjoxNzYxMzIyNjE5LCJpYXQiOjE3NjEzMTkwMTksImp0aSI6Ijg5YjUyOGE4MzU1NDQxN2Q5YThlZjc4MmU5MThmNzc4IiwidXNlcl9pZCI6IjkifQ.u6OTG2W9oK9zmL_lbDtGBdKSfsD6589nC2CPbIxIqPo",
    "refresh": "eyJhbGciOiJIUzI1NiIsInR5cCI6IkpXVCJ9.eyJ0b2tlbl90eXBlIjoicmVmcmVzaCIsImV4cCI6MTc2MTkyMzgxOSwiaWF0IjoxNzYxMzE5MDE5LCJqdGkiOiIyZTZmNTcxMmZkYjk0YWJjOWU1NzdkM2IxOWIwODFjZiIsInVzZXJfaWQiOiI5In0.6Mpg7MQSAA7PXNQZ0HNdtZrPybuAUa710yOK4KhEwvs"
  }
}
2025-10-24 15:16:59,933 - INFO - 游닌 REQUEST: {
  "method": "GET",
  "path": "/api/profiles/me/",
  "query_params": {},
  "user": "Anonymous",
  "ip": "127.0.0.1",
  "user_agent": "Dart/3.9 (dart:io)"
}
2025-10-24 15:17:00,236 - INFO - 游닋 RESPONSE [GET /api/profiles/me/]: {
  "status_code": 200,
  "duration_ms": 303.16,
  "content_type": "application/json",
  "content": {
    "id": 4,
    "user": {
      "id": 9,
      "username": "juan",
      "email": "juan@gmail.com",
      "first_name": "juan",
      "last_name": "perez",
      "date_joined": "2025-10-23T15:23:40.232827Z"
    },
    "user_type": "inquilino",
    "phone": "7217548",
    "profile_picture": null,
    "is_verified": false,
    "created_at": "2025-10-23T15:23:40.352527Z",
    "updated_at": "2025-10-24T14:15:18.545465Z",
    "favorites": []
  }
}
2025-10-24 15:17:13,257 - INFO - 游닌 REQUEST: {
  "method": "PATCH",
  "path": "/api/profiles/update_me/",
  "query_params": {},
  "user": "Anonymous",
  "ip": "127.0.0.1",
  "user_agent": "Dart/3.9 (dart:io)",
  "body": {
    "form_fields": [],
    "files": []
  }
}
2025-10-24 15:17:13,460 - INFO - 游닋 RESPONSE [PATCH /api/profiles/update_me/]: {
  "status_code": 200,
  "duration_ms": 203.75,
  "content_type": "application/json",
  "content": {
    "id": 4,
    "user": {
      "id": 9,
      "username": "juan",
      "email": "juan@gmail.com",
      "first_name": "juan",
      "last_name": "perez",
      "date_joined": "2025-10-23T15:23:40.232827Z"
    },
    "user_type": "inquilino",
    "phone": "7217548",
    "profile_picture": "http://10.0.2.2:8000/media/profile_pictures/scaled_18.jpg",
    "is_verified": false,
    "created_at": "2025-10-23T15:23:40.352527Z",
    "updated_at": "2025-10-24T15:17:13.446962Z",
    "favorites": []
  }
}
2025-10-24 15:17:13,470 - INFO - 游닌 REQUEST: {
  "method": "GET",
  "path": "/api/profiles/me/",
  "query_params": {},
  "user": "Anonymous",
  "ip": "127.0.0.1",
  "user_agent": "Dart/3.9 (dart:io)"
}
2025-10-24 15:17:13,484 - INFO - 游닋 RESPONSE [GET /api/profiles/me/]: {
  "status_code": 200,
  "duration_ms": 14.08,
  "content_type": "application/json",
  "content": {
    "id": 4,
    "user": {
      "id": 9,
      "username": "juan",
      "email": "juan@gmail.com",
      "first_name": "juan",
      "last_name": "perez",
      "date_joined": "2025-10-23T15:23:40.232827Z"
    },
    "user_type": "inquilino",
    "phone": "7217548",
    "profile_picture": "http://10.0.2.2:8000/media/profile_pictures/scaled_18.jpg",
    "is_verified": false,
    "created_at": "2025-10-23T15:23:40.352527Z",
    "updated_at": "2025-10-24T15:17:13.446962Z",
    "favorites": []
  }
}
2025-10-24 15:17:45,407 - INFO - 游닌 REQUEST: {
  "method": "GET",
  "path": "/api/profiles/me/",
  "query_params": {},
  "user": "Anonymous",
  "ip": "127.0.0.1",
  "user_agent": "Dart/3.9 (dart:io)"
}
2025-10-24 15:17:45,476 - INFO - 游닋 RESPONSE [GET /api/profiles/me/]: {
  "status_code": 200,
  "duration_ms": 71.47,
  "content_type": "application/json",
  "content": {
    "id": 4,
    "user": {
      "id": 9,
      "username": "juan",
      "email": "juan@gmail.com",
      "first_name": "juan",
      "last_name": "perez",
      "date_joined": "2025-10-23T15:23:40.232827Z"
    },
    "user_type": "inquilino",
    "phone": "7217548",
    "profile_picture": "http://10.0.2.2:8000/media/profile_pictures/scaled_18.jpg",
    "is_verified": false,
    "created_at": "2025-10-23T15:23:40.352527Z",
    "updated_at": "2025-10-24T15:17:13.446962Z",
    "favorites": []
  }
}
2025-10-24 15:18:25,707 - INFO - 游닌 REQUEST: {
  "method": "PATCH",
  "path": "/api/profiles/update_me/",
  "query_params": {},
  "user": "Anonymous",
  "ip": "127.0.0.1",
  "user_agent": "Dart/3.9 (dart:io)",
  "body": {
    "form_fields": [],
    "files": []
  }
}
2025-10-24 15:18:25,748 - INFO - 游닋 RESPONSE [PATCH /api/profiles/update_me/]: {
  "status_code": 200,
  "duration_ms": 41.5,
  "content_type": "application/json",
  "content": {
    "id": 4,
    "user": {
      "id": 9,
      "username": "juan",
      "email": "juan@gmail.com",
      "first_name": "juan",
      "last_name": "perez",
      "date_joined": "2025-10-23T15:23:40.232827Z"
    },
    "user_type": "inquilino",
    "phone": "7217548",
    "profile_picture": "http://10.0.2.2:8000/media/profile_pictures/scaled_18_rvXxmSd.jpg",
    "is_verified": false,
    "created_at": "2025-10-23T15:23:40.352527Z",
    "updated_at": "2025-10-24T15:18:25.738163Z",
    "favorites": []
  }
}
2025-10-24 15:18:25,755 - INFO - 游닌 REQUEST: {
  "method": "GET",
  "path": "/api/profiles/me/",
  "query_params": {},
  "user": "Anonymous",
  "ip": "127.0.0.1",
  "user_agent": "Dart/3.9 (dart:io)"
}
2025-10-24 15:18:25,766 - INFO - 游닋 RESPONSE [GET /api/profiles/me/]: {
  "status_code": 200,
  "duration_ms": 11.26,
  "content_type": "application/json",
  "content": {
    "id": 4,
    "user": {
      "id": 9,
      "username": "juan",
      "email": "juan@gmail.com",
      "first_name": "juan",
      "last_name": "perez",
      "date_joined": "2025-10-23T15:23:40.232827Z"
    },
    "user_type": "inquilino",
    "phone": "7217548",
    "profile_picture": "http://10.0.2.2:8000/media/profile_pictures/scaled_18_rvXxmSd.jpg",
    "is_verified": false,
    "created_at": "2025-10-23T15:23:40.352527Z",
    "updated_at": "2025-10-24T15:18:25.738163Z",
    "favorites": []
  }
}
2025-10-24 15:27:58,292 - INFO - 游닌 REQUEST: {
  "method": "GET",
  "path": "/api/profiles/me/",
  "query_params": {},
  "user": "Anonymous",
  "ip": "127.0.0.1",
  "user_agent": "Dart/3.9 (dart:io)"
}
2025-10-24 15:27:58,365 - INFO - 游닋 RESPONSE [GET /api/profiles/me/]: {
  "status_code": 200,
  "duration_ms": 73.56,
  "content_type": "application/json",
  "content": {
    "id": 4,
    "user": {
      "id": 9,
      "username": "juan",
      "email": "juan@gmail.com",
      "first_name": "juan",
      "last_name": "perez",
      "date_joined": "2025-10-23T15:23:40.232827Z"
    },
    "user_type": "inquilino",
    "phone": "7217548",
    "profile_picture": "http://10.0.2.2:8000/media/profile_pictures/scaled_18_rvXxmSd.jpg",
    "is_verified": false,
    "created_at": "2025-10-23T15:23:40.352527Z",
    "updated_at": "2025-10-24T15:18:25.738163Z",
    "favorites": [],
    "picture_history": []
  }
}
2025-10-24 15:36:14,568 - INFO - 游닌 REQUEST: {
  "method": "GET",
  "path": "/api/profiles/me/",
  "query_params": {},
  "user": "Anonymous",
  "ip": "127.0.0.1",
  "user_agent": "Dart/3.9 (dart:io)"
}
2025-10-24 15:36:14,650 - INFO - 游닋 RESPONSE [GET /api/profiles/me/]: {
  "status_code": 200,
  "duration_ms": 86.02,
  "content_type": "application/json",
  "content": {
    "id": 4,
    "user": {
      "id": 9,
      "username": "juan",
      "email": "juan@gmail.com",
      "first_name": "juan",
      "last_name": "perez",
      "date_joined": "2025-10-23T15:23:40.232827Z"
    },
    "user_type": "inquilino",
    "phone": "7217548",
    "profile_picture": "http://10.0.2.2:8000/media/profile_pictures/scaled_18_rvXxmSd.jpg",
    "is_verified": false,
    "created_at": "2025-10-23T15:23:40.352527Z",
    "updated_at": "2025-10-24T15:18:25.738163Z",
    "favorites": [],
    "picture_history": []
  }
}
2025-10-24 20:05:44,069 - INFO - 游닌 REQUEST: {
  "method": "POST",
  "path": "/api/properties/",
  "query_params": {},
  "user": "Anonymous",
  "ip": "127.0.0.1",
  "user_agent": "",
  "body": {
    "type": "departamento",
    "address": "Avenida Nueva 456",
    "latitude": -17.7834,
    "longitude": -63.1821,
    "price": "2000.00",
    "description": "Departamento moderno",
    "bedrooms": 2,
    "bathrooms": 1
  }
}
2025-10-24 20:05:44,070 - WARNING - 丘멆잺 RESPONSE [POST /api/properties/]: {
  "status_code": 400,
  "duration_ms": 1.13,
  "content_type": "application/json",
  "content": {
    "owner": [
      "This field is required."
    ]
  }
}
2025-10-24 20:14:30,157 - INFO - 游닌 REQUEST: {
  "method": "POST",
  "path": "/api/properties/",
  "query_params": {},
  "user": "Anonymous",
  "ip": "127.0.0.1",
  "user_agent": "",
  "body": {
    "type": "departamento",
    "address": "Avenida Nueva 456",
    "latitude": -17.7834,
    "longitude": -63.1821,
    "price": "2000.00",
    "description": "Departamento moderno",
    "bedrooms": 2,
    "bathrooms": 1
  }
}
2025-10-24 20:14:30,158 - WARNING - 丘멆잺 RESPONSE [POST /api/properties/]: {
  "status_code": 400,
  "duration_ms": 1.12,
  "content_type": "application/json",
  "content": {
    "non_field_errors": [
      "Debe proporcionar coordenadas (latitude/longitude) o zone_id."
    ]
  }
}
